<?xml version="1.0" encoding="UTF-8"?>
<coverage generated="1666720585959" clover="3.2.0">
  <project timestamp="1666720585959" name="All files">
    <metrics statements="30" coveredstatements="25" conditionals="10" coveredconditionals="10" methods="8" coveredmethods="7" elements="48" coveredelements="42" complexity="0" loc="30" ncloc="30" packages="1" files="2" classes="2"/>
    <file name="bankTransaction.js" path="/mnt/c/Users/james/MAKERS-PROJECTS/bank-test/bankTransaction.js">
      <metrics statements="7" coveredstatements="7" conditionals="2" coveredconditionals="2" methods="4" coveredmethods="4"/>
      <line num="3" count="5" type="stmt"/>
      <line num="7" count="4" type="stmt"/>
      <line num="11" count="3" type="cond" truecount="2" falsecount="0"/>
      <line num="12" count="1" type="stmt"/>
      <line num="14" count="2" type="stmt"/>
      <line num="18" count="5" type="stmt"/>
      <line num="22" count="2" type="stmt"/>
    </file>
    <file name="displayStatement.js" path="/mnt/c/Users/james/MAKERS-PROJECTS/bank-test/displayStatement.js">
      <metrics statements="23" coveredstatements="18" conditionals="8" coveredconditionals="8" methods="4" coveredmethods="3"/>
      <line num="3" count="6" type="stmt"/>
      <line num="4" count="6" type="stmt"/>
      <line num="8" count="0" type="stmt"/>
      <line num="9" count="0" type="stmt"/>
      <line num="10" count="0" type="stmt"/>
      <line num="11" count="0" type="stmt"/>
      <line num="12" count="0" type="stmt"/>
      <line num="16" count="5" type="cond" truecount="4" falsecount="0"/>
      <line num="17" count="1" type="stmt"/>
      <line num="21" count="4" type="cond" truecount="2" falsecount="0"/>
      <line num="22" count="2" type="stmt"/>
      <line num="23" count="2" type="stmt"/>
      <line num="24" count="2" type="cond" truecount="2" falsecount="0"/>
      <line num="25" count="1" type="stmt"/>
      <line num="26" count="1" type="stmt"/>
      <line num="28" count="1" type="stmt"/>
      <line num="31" count="3" type="stmt"/>
      <line num="35" count="3" type="stmt"/>
      <line num="36" count="3" type="stmt"/>
      <line num="37" count="3" type="stmt"/>
      <line num="38" count="3" type="stmt"/>
      <line num="39" count="3" type="stmt"/>
      <line num="43" count="2" type="stmt"/>
    </file>
  </project>
</coverage>
