<?xml version="1.0" encoding="UTF-8"?>
<coverage generated="1666712951090" clover="3.2.0">
  <project timestamp="1666712951091" name="All files">
    <metrics statements="28" coveredstatements="20" conditionals="8" coveredconditionals="6" methods="8" coveredmethods="7" elements="44" coveredelements="33" complexity="0" loc="28" ncloc="28" packages="1" files="2" classes="2"/>
    <file name="bankTransaction.js" path="/mnt/c/Users/james/MAKERS-PROJECTS/bank-test/bankTransaction.js">
      <metrics statements="7" coveredstatements="7" conditionals="2" coveredconditionals="2" methods="4" coveredmethods="4"/>
      <line num="3" count="5" type="stmt"/>
      <line num="7" count="4" type="stmt"/>
      <line num="11" count="3" type="cond" truecount="2" falsecount="0"/>
      <line num="12" count="1" type="stmt"/>
      <line num="14" count="2" type="stmt"/>
      <line num="18" count="5" type="stmt"/>
      <line num="22" count="2" type="stmt"/>
    </file>
    <file name="displayStatement.js" path="/mnt/c/Users/james/MAKERS-PROJECTS/bank-test/displayStatement.js">
      <metrics statements="21" coveredstatements="13" conditionals="6" coveredconditionals="4" methods="4" coveredmethods="3"/>
      <line num="3" count="5" type="stmt"/>
      <line num="4" count="5" type="stmt"/>
      <line num="5" count="5" type="stmt"/>
      <line num="9" count="0" type="stmt"/>
      <line num="10" count="0" type="stmt"/>
      <line num="11" count="0" type="stmt"/>
      <line num="12" count="0" type="stmt"/>
      <line num="13" count="0" type="stmt"/>
      <line num="14" count="0" type="stmt"/>
      <line num="19" count="3" type="cond" truecount="2" falsecount="0"/>
      <line num="20" count="2" type="stmt"/>
      <line num="21" count="2" type="stmt"/>
      <line num="22" count="1" type="cond" truecount="1" falsecount="1"/>
      <line num="23" count="1" type="stmt"/>
      <line num="24" count="1" type="stmt"/>
      <line num="26" count="0" type="stmt"/>
      <line num="29" count="3" type="cond" truecount="1" falsecount="1"/>
      <line num="30" count="0" type="stmt"/>
      <line num="33" count="3" type="stmt"/>
      <line num="37" count="3" type="stmt"/>
      <line num="41" count="2" type="stmt"/>
    </file>
  </project>
</coverage>
