{"/mnt/c/Users/james/MAKERS-PROJECTS/bank-test/bankTransaction.js": {"path":"/mnt/c/Users/james/MAKERS-PROJECTS/bank-test/bankTransaction.js","statementMap":{"0":{"start":{"line":3,"column":8},"end":{"line":3,"column":32}},"1":{"start":{"line":7,"column":8},"end":{"line":7,"column":45}},"2":{"start":{"line":11,"column":8},"end":{"line":13,"column":9}},"3":{"start":{"line":12,"column":12},"end":{"line":12,"column":74}},"4":{"start":{"line":14,"column":8},"end":{"line":14,"column":47}},"5":{"start":{"line":18,"column":8},"end":{"line":18,"column":34}},"6":{"start":{"line":22,"column":0},"end":{"line":22,"column":33}}},"fnMap":{"0":{"name":"(anonymous_0)","decl":{"start":{"line":2,"column":4},"end":{"line":2,"column":5}},"loc":{"start":{"line":2,"column":17},"end":{"line":4,"column":5}},"line":2},"1":{"name":"(anonymous_1)","decl":{"start":{"line":6,"column":4},"end":{"line":6,"column":5}},"loc":{"start":{"line":6,"column":26},"end":{"line":8,"column":5}},"line":6},"2":{"name":"(anonymous_2)","decl":{"start":{"line":10,"column":4},"end":{"line":10,"column":5}},"loc":{"start":{"line":10,"column":29},"end":{"line":15,"column":5}},"line":10},"3":{"name":"(anonymous_3)","decl":{"start":{"line":17,"column":4},"end":{"line":17,"column":5}},"loc":{"start":{"line":17,"column":17},"end":{"line":19,"column":5}},"line":17}},"branchMap":{"0":{"loc":{"start":{"line":11,"column":8},"end":{"line":13,"column":9}},"type":"if","locations":[{"start":{"line":11,"column":8},"end":{"line":13,"column":9}},{"start":{},"end":{}}],"line":11}},"s":{"0":5,"1":4,"2":3,"3":1,"4":2,"5":5,"6":2},"f":{"0":5,"1":4,"2":3,"3":5},"b":{"0":[1,2]},"_coverageSchema":"1a1c01bbd47fc00a2c39e90264f33305004495a9","hash":"b9eebc9d0b25379a84b217839e14bf2b79fe95d0"}
,"/mnt/c/Users/james/MAKERS-PROJECTS/bank-test/displayStatement.js": {"path":"/mnt/c/Users/james/MAKERS-PROJECTS/bank-test/displayStatement.js","statementMap":{"0":{"start":{"line":3,"column":8},"end":{"line":3,"column":68}},"1":{"start":{"line":4,"column":8},"end":{"line":4,"column":48}},"2":{"start":{"line":5,"column":8},"end":{"line":5,"column":47}},"3":{"start":{"line":9,"column":21},"end":{"line":9,"column":31}},"4":{"start":{"line":10,"column":18},"end":{"line":10,"column":32}},"5":{"start":{"line":11,"column":20},"end":{"line":11,"column":39}},"6":{"start":{"line":12,"column":19},"end":{"line":12,"column":37}},"7":{"start":{"line":13,"column":26},"end":{"line":13,"column":51}},"8":{"start":{"line":14,"column":8},"end":{"line":14,"column":27}},"9":{"start":{"line":19,"column":8},"end":{"line":27,"column":9}},"10":{"start":{"line":20,"column":12},"end":{"line":20,"column":48}},"11":{"start":{"line":21,"column":12},"end":{"line":21,"column":112}},"12":{"start":{"line":22,"column":15},"end":{"line":27,"column":9}},"13":{"start":{"line":23,"column":12},"end":{"line":23,"column":49}},"14":{"start":{"line":24,"column":12},"end":{"line":24,"column":112}},"15":{"start":{"line":26,"column":12},"end":{"line":26,"column":107}},"16":{"start":{"line":29,"column":8},"end":{"line":31,"column":9}},"17":{"start":{"line":30,"column":12},"end":{"line":30,"column":66}},"18":{"start":{"line":33,"column":8},"end":{"line":33,"column":44}},"19":{"start":{"line":37,"column":8},"end":{"line":37,"column":40}},"20":{"start":{"line":41,"column":0},"end":{"line":41,"column":34}}},"fnMap":{"0":{"name":"(anonymous_0)","decl":{"start":{"line":2,"column":4},"end":{"line":2,"column":5}},"loc":{"start":{"line":2,"column":32},"end":{"line":6,"column":5}},"line":2},"1":{"name":"(anonymous_1)","decl":{"start":{"line":8,"column":4},"end":{"line":8,"column":5}},"loc":{"start":{"line":8,"column":20},"end":{"line":15,"column":5}},"line":8},"2":{"name":"(anonymous_2)","decl":{"start":{"line":17,"column":4},"end":{"line":17,"column":5}},"loc":{"start":{"line":17,"column":43},"end":{"line":34,"column":5}},"line":17},"3":{"name":"(anonymous_3)","decl":{"start":{"line":36,"column":4},"end":{"line":36,"column":5}},"loc":{"start":{"line":36,"column":20},"end":{"line":38,"column":5}},"line":36}},"branchMap":{"0":{"loc":{"start":{"line":19,"column":8},"end":{"line":27,"column":9}},"type":"if","locations":[{"start":{"line":19,"column":8},"end":{"line":27,"column":9}},{"start":{"line":22,"column":15},"end":{"line":27,"column":9}}],"line":19},"1":{"loc":{"start":{"line":22,"column":15},"end":{"line":27,"column":9}},"type":"if","locations":[{"start":{"line":22,"column":15},"end":{"line":27,"column":9}},{"start":{"line":25,"column":15},"end":{"line":27,"column":9}}],"line":22},"2":{"loc":{"start":{"line":29,"column":8},"end":{"line":31,"column":9}},"type":"if","locations":[{"start":{"line":29,"column":8},"end":{"line":31,"column":9}},{"start":{},"end":{}}],"line":29}},"s":{"0":5,"1":5,"2":5,"3":0,"4":0,"5":0,"6":0,"7":0,"8":0,"9":3,"10":2,"11":2,"12":1,"13":1,"14":1,"15":0,"16":3,"17":0,"18":3,"19":3,"20":2},"f":{"0":5,"1":0,"2":3,"3":3},"b":{"0":[2,1],"1":[1,0],"2":[0,3]},"_coverageSchema":"1a1c01bbd47fc00a2c39e90264f33305004495a9","hash":"1d174b82e650dfd3ea6c11e0f6f447b08b2282ca"}
}
