{"/mnt/c/Users/james/MAKERS-PROJECTS/bank-test/bankTransaction.js": {"path":"/mnt/c/Users/james/MAKERS-PROJECTS/bank-test/bankTransaction.js","statementMap":{"0":{"start":{"line":3,"column":8},"end":{"line":3,"column":32}},"1":{"start":{"line":7,"column":8},"end":{"line":7,"column":45}},"2":{"start":{"line":11,"column":8},"end":{"line":13,"column":9}},"3":{"start":{"line":12,"column":12},"end":{"line":12,"column":74}},"4":{"start":{"line":14,"column":8},"end":{"line":14,"column":47}},"5":{"start":{"line":18,"column":8},"end":{"line":18,"column":34}},"6":{"start":{"line":22,"column":0},"end":{"line":22,"column":33}}},"fnMap":{"0":{"name":"(anonymous_0)","decl":{"start":{"line":2,"column":4},"end":{"line":2,"column":5}},"loc":{"start":{"line":2,"column":17},"end":{"line":4,"column":5}},"line":2},"1":{"name":"(anonymous_1)","decl":{"start":{"line":6,"column":4},"end":{"line":6,"column":5}},"loc":{"start":{"line":6,"column":26},"end":{"line":8,"column":5}},"line":6},"2":{"name":"(anonymous_2)","decl":{"start":{"line":10,"column":4},"end":{"line":10,"column":5}},"loc":{"start":{"line":10,"column":29},"end":{"line":15,"column":5}},"line":10},"3":{"name":"(anonymous_3)","decl":{"start":{"line":17,"column":4},"end":{"line":17,"column":5}},"loc":{"start":{"line":17,"column":17},"end":{"line":19,"column":5}},"line":17}},"branchMap":{"0":{"loc":{"start":{"line":11,"column":8},"end":{"line":13,"column":9}},"type":"if","locations":[{"start":{"line":11,"column":8},"end":{"line":13,"column":9}},{"start":{},"end":{}}],"line":11}},"s":{"0":5,"1":4,"2":3,"3":1,"4":2,"5":5,"6":2},"f":{"0":5,"1":4,"2":3,"3":5},"b":{"0":[1,2]},"_coverageSchema":"1a1c01bbd47fc00a2c39e90264f33305004495a9","hash":"b9eebc9d0b25379a84b217839e14bf2b79fe95d0"}
,"/mnt/c/Users/james/MAKERS-PROJECTS/bank-test/displayStatement.js": {"path":"/mnt/c/Users/james/MAKERS-PROJECTS/bank-test/displayStatement.js","statementMap":{"0":{"start":{"line":3,"column":8},"end":{"line":3,"column":27}},"1":{"start":{"line":4,"column":8},"end":{"line":4,"column":47}},"2":{"start":{"line":8,"column":21},"end":{"line":8,"column":31}},"3":{"start":{"line":9,"column":18},"end":{"line":9,"column":32}},"4":{"start":{"line":10,"column":20},"end":{"line":10,"column":39}},"5":{"start":{"line":11,"column":19},"end":{"line":11,"column":37}},"6":{"start":{"line":12,"column":8},"end":{"line":12,"column":41}},"7":{"start":{"line":16,"column":8},"end":{"line":18,"column":9}},"8":{"start":{"line":17,"column":12},"end":{"line":17,"column":67}},"9":{"start":{"line":21,"column":8},"end":{"line":29,"column":9}},"10":{"start":{"line":22,"column":12},"end":{"line":22,"column":48}},"11":{"start":{"line":23,"column":12},"end":{"line":23,"column":112}},"12":{"start":{"line":24,"column":15},"end":{"line":29,"column":9}},"13":{"start":{"line":25,"column":12},"end":{"line":25,"column":49}},"14":{"start":{"line":26,"column":12},"end":{"line":26,"column":112}},"15":{"start":{"line":28,"column":12},"end":{"line":28,"column":108}},"16":{"start":{"line":31,"column":8},"end":{"line":31,"column":47}},"17":{"start":{"line":35,"column":30},"end":{"line":35,"column":66}},"18":{"start":{"line":36,"column":8},"end":{"line":36,"column":48}},"19":{"start":{"line":37,"column":28},"end":{"line":37,"column":53}},"20":{"start":{"line":38,"column":8},"end":{"line":38,"column":35}},"21":{"start":{"line":39,"column":8},"end":{"line":39,"column":27}},"22":{"start":{"line":43,"column":0},"end":{"line":43,"column":34}}},"fnMap":{"0":{"name":"(anonymous_0)","decl":{"start":{"line":2,"column":4},"end":{"line":2,"column":5}},"loc":{"start":{"line":2,"column":32},"end":{"line":5,"column":5}},"line":2},"1":{"name":"(anonymous_1)","decl":{"start":{"line":7,"column":4},"end":{"line":7,"column":5}},"loc":{"start":{"line":7,"column":20},"end":{"line":13,"column":5}},"line":7},"2":{"name":"(anonymous_2)","decl":{"start":{"line":15,"column":4},"end":{"line":15,"column":5}},"loc":{"start":{"line":15,"column":43},"end":{"line":32,"column":5}},"line":15},"3":{"name":"(anonymous_3)","decl":{"start":{"line":34,"column":4},"end":{"line":34,"column":5}},"loc":{"start":{"line":34,"column":20},"end":{"line":40,"column":5}},"line":34}},"branchMap":{"0":{"loc":{"start":{"line":16,"column":8},"end":{"line":18,"column":9}},"type":"if","locations":[{"start":{"line":16,"column":8},"end":{"line":18,"column":9}},{"start":{},"end":{}}],"line":16},"1":{"loc":{"start":{"line":16,"column":12},"end":{"line":16,"column":51}},"type":"binary-expr","locations":[{"start":{"line":16,"column":12},"end":{"line":16,"column":37}},{"start":{"line":16,"column":41},"end":{"line":16,"column":51}}],"line":16},"2":{"loc":{"start":{"line":21,"column":8},"end":{"line":29,"column":9}},"type":"if","locations":[{"start":{"line":21,"column":8},"end":{"line":29,"column":9}},{"start":{"line":24,"column":15},"end":{"line":29,"column":9}}],"line":21},"3":{"loc":{"start":{"line":24,"column":15},"end":{"line":29,"column":9}},"type":"if","locations":[{"start":{"line":24,"column":15},"end":{"line":29,"column":9}},{"start":{"line":27,"column":15},"end":{"line":29,"column":9}}],"line":24}},"s":{"0":6,"1":6,"2":0,"3":0,"4":0,"5":0,"6":0,"7":5,"8":1,"9":4,"10":2,"11":2,"12":2,"13":1,"14":1,"15":1,"16":3,"17":3,"18":3,"19":3,"20":3,"21":3,"22":2},"f":{"0":6,"1":0,"2":5,"3":3},"b":{"0":[1,4],"1":[5,4],"2":[2,2],"3":[1,1]},"_coverageSchema":"1a1c01bbd47fc00a2c39e90264f33305004495a9","hash":"5fc723474105f4c37078909b979c2122f0a00c5f"}
}
